{"name": "test_success_search_01", "status": "skipped", "statusDetails": {"message": "AssertionError: code与预期不一致\nassert 401 == 0", "trace": "self = <pytest_autotest.Testcase.cases.test_userinfo.TestUser object at 0x10324db80>\n\n    @allure.step\n    @pytest.mark.xfail(condition=lambda: True, reason='this test is expecting failure')\n    def test_success_search_01(self):\n        t = tools.Yaml().case_detail('SearchUserMobile.yaml', 'search_user_mobile_01')\n        host = self.config.get_config('测试环境').get('host')\n        url = t.get('url')\n        headers = t.get('headers')\n        method = t.get('method')\n        data = t.get('data')\n        expect = t.get('expected')\n    \n        if method == 'GET':\n            response = self.request.request_get(url=host+url, data=data, headers=headers).json()\n>           assert response['code'] == expect['code'], 'code与预期不一致'\nE           AssertionError: code与预期不一致\nE           assert 401 == 0\n\nTestcase/cases/test_userinfo.py:24: AssertionError"}, "steps": [{"name": "test_success_search_01", "status": "failed", "statusDetails": {"message": "AssertionError: code与预期不一致\nassert 401 == 0\n", "trace": "  File \"/Users/yanziqiang/PycharmProjects/PyEnv/env_pytest/lib/python3.9/site-packages/allure_commons/_allure.py\", line 157, in impl\n    return func(*a, **kw)\n  File \"/Users/yanziqiang/PycharmProjects/PyEnv/env_pytest/Autotest/pytest_autotest/Testcase/cases/test_userinfo.py\", line 24, in test_success_search_01\n    assert response['code'] == expect['code'], 'code与预期不一致'\n"}, "start": 1618383985667, "stop": 1618383985790}], "start": 1618383985666, "stop": 1618383985791, "uuid": "a1289752-fd85-4d7a-9943-c05535f4a383", "historyId": "8fb9fc13a253ebd84783e9fb35a30533", "testCaseId": "d6b47bb8aae59687bbec3b3fae586240", "fullName": "Testcase.cases.test_userinfo.TestUser#test_success_search_01", "labels": [{"name": "tag", "value": "@pytest.mark.xfail(condition=<function TestUser.<lambda> at 0x10324e1f0>, reason='this test is expecting failure')"}, {"name": "parentSuite", "value": "Testcase.cases"}, {"name": "suite", "value": "test_userinfo"}, {"name": "subSuite", "value": "TestUser"}, {"name": "host", "value": "yanziqiangdeMacBook-Pro.local"}, {"name": "thread", "value": "64738-MainThread"}, {"name": "framework", "value": "pytest"}, {"name": "language", "value": "cpython3"}, {"name": "package", "value": "Testcase.cases.test_userinfo"}]}